TN:
SF:/Users/Vibhore_Gupta/Code Academy/FormFormBackend/server.js
FNF:0
FNH:0
DA:1,2
DA:2,2
DA:5,2
DA:11,2
DA:12,2
DA:13,0
DA:15,2
DA:18,2
LF:8
LH:7
BRDA:12,0,0,0
BRDA:12,0,1,2
BRF:2
BRH:1
end_of_record
TN:
SF:/Users/Vibhore_Gupta/Code Academy/FormFormBackend/models/allforms.js
FN:2,(anonymous_0)
FN:12,(anonymous_1)
FN:20,(anonymous_2)
FN:20,(anonymous_3)
FN:25,(anonymous_4)
FNF:5
FNH:4
FNDA:3,(anonymous_0)
FNDA:2,(anonymous_1)
FNDA:2,(anonymous_2)
FNDA:0,(anonymous_3)
FNDA:2,(anonymous_4)
DA:2,3
DA:3,3
DA:12,3
DA:20,2
DA:21,0
DA:25,3
DA:26,2
DA:29,2
DA:33,3
LF:9
LH:8
BRF:0
BRH:0
end_of_record
TN:
SF:/Users/Vibhore_Gupta/Code Academy/FormFormBackend/models/formfields.js
FN:2,(anonymous_0)
FN:9,(anonymous_1)
FN:14,(anonymous_2)
FN:14,(anonymous_3)
FNF:4
FNH:1
FNDA:3,(anonymous_0)
FNDA:0,(anonymous_1)
FNDA:0,(anonymous_2)
FNDA:0,(anonymous_3)
DA:2,3
DA:3,3
DA:9,3
DA:14,0
DA:15,0
DA:17,3
LF:6
LH:4
BRF:0
BRH:0
end_of_record
TN:
SF:/Users/Vibhore_Gupta/Code Academy/FormFormBackend/models/index.js
FN:21,(anonymous_0)
FN:22,(anonymous_1)
FN:27,(anonymous_2)
FNF:3
FNH:3
FNDA:9,(anonymous_0)
FNDA:6,(anonymous_1)
FNDA:6,(anonymous_2)
DA:3,3
DA:4,3
DA:5,3
DA:7,3
DA:8,3
DA:9,3
DA:10,3
DA:13,3
DA:14,0
DA:16,3
DA:19,3
DA:21,9
DA:23,6
DA:24,6
DA:27,3
DA:28,6
DA:29,0
DA:33,3
DA:34,3
DA:36,3
LF:20
LH:18
BRDA:8,0,0,3
BRDA:8,0,1,0
BRDA:13,1,0,0
BRDA:13,1,1,3
BRDA:21,2,0,9
BRDA:21,2,1,9
BRDA:21,2,2,6
BRDA:28,3,0,0
BRDA:28,3,1,6
BRF:9
BRH:6
end_of_record
TN:
SF:/Users/Vibhore_Gupta/Code Academy/FormFormBackend/src/routes/getFormContent.js
FN:12,(anonymous_0)
FNF:1
FNH:1
FNDA:1,(anonymous_0)
DA:1,2
DA:3,2
DA:13,1
DA:14,1
DA:15,1
DA:16,1
DA:18,0
LF:7
LH:6
BRF:0
BRH:0
end_of_record
TN:
SF:/Users/Vibhore_Gupta/Code Academy/FormFormBackend/src/routes/index.js
FNF:0
FNH:0
DA:1,2
DA:3,2
DA:4,2
DA:5,2
DA:7,2
LF:5
LH:5
BRF:0
BRH:0
end_of_record
TN:
SF:/Users/Vibhore_Gupta/Code Academy/FormFormBackend/src/routes/insertFormContent.js
FN:12,(anonymous_0)
FNF:1
FNH:0
FNDA:0,(anonymous_0)
DA:1,2
DA:3,2
DA:13,0
DA:14,0
DA:17,0
DA:18,0
DA:20,0
DA:22,0
LF:8
LH:2
BRF:0
BRH:0
end_of_record
TN:
SF:/Users/Vibhore_Gupta/Code Academy/FormFormBackend/src/routes/insertFormFields.js
FN:12,(anonymous_0)
FNF:1
FNH:0
FNDA:0,(anonymous_0)
DA:1,2
DA:3,2
DA:13,0
DA:14,0
DA:18,0
DA:19,0
DA:20,0
DA:22,0
DA:24,0
LF:9
LH:2
BRF:0
BRH:0
end_of_record
TN:
SF:/Users/Vibhore_Gupta/Code Academy/FormFormBackend/src/routes/ping.js
FN:5,(anonymous_0)
FNF:1
FNH:1
FNDA:1,(anonymous_0)
DA:1,2
DA:5,1
LF:2
LH:2
BRF:0
BRH:0
end_of_record
